* 0dcdc70 : Correction and Cargo Frame Test
* 9a3bec2 : Gui Update
*   9ae4998 : Merge branch 'master' of https://bitbucket.org/atateam/assignment2_cargosystem
|\  
| * 62bdc56 : CargoTextArea.java edited online with Bitbucket
| * 7bc16d4 : CargoManifest.java edited online with Bitbucket
| * 006b2d1 : ManifestException.java edited online with Bitbucket
| * e895428 : InvalidContainerException.java edited online with Bitbucket
| * 354caaf : InvalidCodeException.java edited online with Bitbucket
| * a48ca83 : CargoException.java edited online with Bitbucket
| * 705da9e : RefrigeratedContainer.java edited online with Bitbucket
| * 9cfc4b9 : GeneralGoodsContainer.java edited online with Bitbucket
| * 012c4f2 : FreightContainer.java edited online with Bitbucket
| * f96d75a : DangerousGoodsContainer.java edited online with Bitbucket
| * 2a5b358 : ContainerCode.java edited online with Bitbucket
* | 5650aa0 : Zhen : Version with GUI Thread and Unload Problem Haven't Solve
|/  
* 5c9f648 : upload correction n some tests
* a32674e : Zhen: Update to CargoSystem
* 2953240 : Zhen: Update 2- Add tests and code correction.
* a9f6e83 : Zhen : Task 3 Update
* 3444d30 : src
* 092c630 : src created online with Bitbucket
* 89a9646 : Zhen: Assignment 2 Initial Uploadcommit 0dcdc7059562edccbc4fb9ced23e66dc5d4eb220
Author: Zhao Zhen Tang <tangzhaozhen8@gmail.com>
Date:   Wed May 27 15:47:10 2015 +1000

    Correction and Cargo Frame Test

commit 9a3bec2793d14b8351605108d5e8696a7f2fb976
Author: Zhao Zhen Tang <tangzhaozhen8@gmail.com>
Date:   Sun May 17 15:06:38 2015 +1000

    Gui Update

commit 9ae49985e440bf33a49a5662b5e94d05689294c8
Merge: 5650aa0 62bdc56
Author: Zhao Zhen Tang <tangzhaozhen8@gmail.com>
Date:   Thu May 14 11:31:03 2015 +1000

    Merge branch 'master' of https://bitbucket.org/atateam/assignment2_cargosystem

commit 5650aa0697e7dd1f02828ac1686bc79430dd76e7
Author: Zhao Zhen Tang <tangzhaozhen8@gmail.com>
Date:   Thu May 14 11:29:35 2015 +1000

    Zhen : Version with GUI Thread and Unload Problem Haven't Solve

commit 62bdc562d25616964ebc553140f4bd86cf10a147
Author: YUN-JUNG AN <btyegj@gmail.com>
Date:   Mon May 11 03:20:31 2015 +0000

    CargoTextArea.java edited online with Bitbucket

commit 7bc16d4ddd0bf2cc025362c5c805151616b28d48
Author: YUN-JUNG AN <btyegj@gmail.com>
Date:   Mon May 11 03:16:54 2015 +0000

    CargoManifest.java edited online with Bitbucket

commit 006b2d10463368a430abcd20fe5468cf49c86e4c
Author: YUN-JUNG AN <btyegj@gmail.com>
Date:   Mon May 11 03:14:59 2015 +0000

    ManifestException.java edited online with Bitbucket

commit e8954288b94a596aeb3a05fb46b62dd058ed7364
Author: YUN-JUNG AN <btyegj@gmail.com>
Date:   Mon May 11 03:14:38 2015 +0000

    InvalidContainerException.java edited online with Bitbucket

commit 354caaf6711c8462add776b612bbe3e2a7a83193
Author: YUN-JUNG AN <btyegj@gmail.com>
Date:   Mon May 11 03:14:16 2015 +0000

    InvalidCodeException.java edited online with Bitbucket

commit a48ca83c80c171f274401e285e26cd4419c29fec
Author: YUN-JUNG AN <btyegj@gmail.com>
Date:   Mon May 11 03:13:57 2015 +0000

    CargoException.java edited online with Bitbucket

commit 705da9e9ff9babd6739fe09b3e05de54501129c9
Author: YUN-JUNG AN <btyegj@gmail.com>
Date:   Mon May 11 03:13:28 2015 +0000

    RefrigeratedContainer.java edited online with Bitbucket

commit 9cfc4b9417011677bc1ee0c7f297a087651447fd
Author: YUN-JUNG AN <btyegj@gmail.com>
Date:   Mon May 11 03:12:56 2015 +0000

    GeneralGoodsContainer.java edited online with Bitbucket

commit 012c4f2cc64e9d893703118ccbda7e8b41bdf990
Author: YUN-JUNG AN <btyegj@gmail.com>
Date:   Mon May 11 03:12:30 2015 +0000

    FreightContainer.java edited online with Bitbucket

commit f96d75ae0e3fb95bd6e6705f08dd79938258bb07
Author: YUN-JUNG AN <btyegj@gmail.com>
Date:   Mon May 11 03:11:44 2015 +0000

    DangerousGoodsContainer.java edited online with Bitbucket

commit 2a5b3588c81231ad68d7ff1ab99ae40ddb42d8ab
Author: YUN-JUNG AN <btyegj@gmail.com>
Date:   Mon May 11 03:11:13 2015 +0000

    ContainerCode.java edited online with Bitbucket

commit 5c9f648fd17846eecd876c6b43ef5aba871b8850
Author: Aeron An <btyegj@gmail.com>
Date:   Mon May 11 12:06:50 2015 +1000

    upload correction n some tests

commit a32674ea86251329914d13d641d8bfcd2ab51173
Author: Zhao Zhen Tang <tangzhaozhen8@gmail.com>
Date:   Sun May 10 13:12:52 2015 +1000

    Zhen: Update to CargoSystem

commit 2953240285832b71fcd558600fec18b2f801ddc6
Author: Zhao Zhen Tang <tangzhaozhen8@gmail.com>
Date:   Sun May 10 11:18:58 2015 +1000

    Zhen: Update 2- Add tests and code correction.

commit a9f6e8395cf735f5c5ebd8ffe84e76895d235998
Author: Zhao Zhen Tang <tangzhaozhen8@gmail.com>
Date:   Wed May 6 11:54:21 2015 +1000

    Zhen : Task 3 Update

commit 3444d30c958f114b01b98eb070305477b41ca6f2
Author: Aeron An <btyegj@gmail.com>
Date:   Sun May 3 21:53:41 2015 +1000

    src

commit 092c630debd6ecf142798111bad6570e56ec59bc
Author: YUN-JUNG AN <btyegj@gmail.com>
Date:   Sun May 3 11:12:11 2015 +0000

    src created online with Bitbucket

commit 89a9646554972456c121a29fe6672b701d095284
Author: Zhao Zhen Tang <tangzhaozhen8@gmail.com>
Date:   Sun May 3 21:02:08 2015 +1000

    Zhen: Assignment 2 Initial Upload
